<?xml version="1.0" encoding="UTF-8"?>
<testng-results ignored="0" total="1" passed="1" failed="0" skipped="0">
  <reporter-output>
  </reporter-output>
  <suite started-at="2024-02-28T10:51:03 IST" name="Suite" finished-at="2024-02-28T10:51:12 IST" duration-ms="8664">
    <groups>
    </groups>
    <test started-at="2024-02-28T10:51:03 IST" name="Test" finished-at="2024-02-28T10:51:12 IST" duration-ms="8664">
      <class name="Axis.Driven.ReadData">
        <test-method signature="fblogin()[pri:0, instance:Axis.Driven.ReadData@7880cdf3]" started-at="2024-02-28T10:51:03 IST" name="fblogin" finished-at="2024-02-28T10:51:12 IST" duration-ms="8587" status="PASS">
          <reporter-output>
          </reporter-output>
        </test-method> <!-- fblogin -->
      </class> <!-- Axis.Driven.ReadData -->
    </test> <!-- Test -->
  </suite> <!-- Suite -->
</testng-results>
