<?xml version="1.0" encoding="UTF-8"?>
<testng-results ignored="0" total="1" passed="1" failed="0" skipped="0">
  <reporter-output>
  </reporter-output>
  <suite started-at="2024-02-27T14:06:14 IST" name="Default suite" finished-at="2024-02-27T14:06:21 IST" duration-ms="7483">
    <groups>
    </groups>
    <test started-at="2024-02-27T14:06:14 IST" name="Default test" finished-at="2024-02-27T14:06:21 IST" duration-ms="7483">
      <class name="Axis.Driven.writedata">
        <test-method signature="fblogin()[pri:0, instance:Axis.Driven.writedata@351d00c0]" started-at="2024-02-27T14:06:14 IST" name="fblogin" finished-at="2024-02-27T14:06:21 IST" duration-ms="7388" status="PASS">
          <reporter-output>
          </reporter-output>
        </test-method> <!-- fblogin -->
      </class> <!-- Axis.Driven.writedata -->
    </test> <!-- Default test -->
  </suite> <!-- Default suite -->
</testng-results>
